ERROR - 2022-11-29 22:47:21 --> Error connecting to the database: mysqli_sql_exception: No se puede establecer una conexión ya que el equipo de destino denegó expresamente dicha conexión in C:\Users\NITRO5\Desktop\Base de datos para proyecto final\apitec\system\Database\MySQLi\Connection.php:171
Stack trace:
#0 C:\Users\NITRO5\Desktop\Base de datos para proyecto final\apitec\system\Database\MySQLi\Connection.php(171): mysqli->real_connect('localhost', 'root', '', 'gymtec', 3306, '', 0)
#1 C:\Users\NITRO5\Desktop\Base de datos para proyecto final\apitec\system\Database\BaseConnection.php(382): CodeIgniter\Database\MySQLi\Connection->connect(false)
#2 C:\Users\NITRO5\Desktop\Base de datos para proyecto final\apitec\system\Database\BaseConnection.php(561): CodeIgniter\Database\BaseConnection->initialize()
#3 C:\Users\NITRO5\Desktop\Base de datos para proyecto final\apitec\system\Database\BaseBuilder.php(1585): CodeIgniter\Database\BaseConnection->query('SELECT *\nFROM `...', Array, false)
#4 C:\Users\NITRO5\Desktop\Base de datos para proyecto final\apitec\system\Model.php(223): CodeIgniter\Database\BaseBuilder->get()
#5 C:\Users\NITRO5\Desktop\Base de datos para proyecto final\apitec\system\BaseModel.php(585): CodeIgniter\Model->doFindAll(0, 0)
#6 C:\Users\NITRO5\Desktop\Base de datos para proyecto final\apitec\app\Controllers\API\PlanEntrenamiento.php(18): CodeIgniter\BaseModel->findAll()
#7 C:\Users\NITRO5\Desktop\Base de datos para proyecto final\apitec\system\CodeIgniter.php(927): App\Controllers\API\PlanEntrenamiento->index()
#8 C:\Users\NITRO5\Desktop\Base de datos para proyecto final\apitec\system\CodeIgniter.php(482): CodeIgniter\CodeIgniter->runController(Object(App\Controllers\API\PlanEntrenamiento))
#9 C:\Users\NITRO5\Desktop\Base de datos para proyecto final\apitec\system\CodeIgniter.php(351): CodeIgniter\CodeIgniter->handleRequest(NULL, Object(Config\Cache), false)
#10 C:\Users\NITRO5\Desktop\Base de datos para proyecto final\apitec\public\index.php(75): CodeIgniter\CodeIgniter->run()
#11 C:\Users\NITRO5\Desktop\Base de datos para proyecto final\apitec\system\Commands\Server\rewrite.php(46): require_once('C:\\Users\\NITRO5...')
#12 {main}

Next CodeIgniter\Database\Exceptions\DatabaseException: No se puede establecer una conexión ya que el equipo de destino denegó expresamente dicha conexión in C:\Users\NITRO5\Desktop\Base de datos para proyecto final\apitec\system\Database\MySQLi\Connection.php:215
Stack trace:
#0 C:\Users\NITRO5\Desktop\Base de datos para proyecto final\apitec\system\Database\BaseConnection.php(382): CodeIgniter\Database\MySQLi\Connection->connect(false)
#1 C:\Users\NITRO5\Desktop\Base de datos para proyecto final\apitec\system\Database\BaseConnection.php(561): CodeIgniter\Database\BaseConnection->initialize()
#2 C:\Users\NITRO5\Desktop\Base de datos para proyecto final\apitec\system\Database\BaseBuilder.php(1585): CodeIgniter\Database\BaseConnection->query('SELECT *\nFROM `...', Array, false)
#3 C:\Users\NITRO5\Desktop\Base de datos para proyecto final\apitec\system\Model.php(223): CodeIgniter\Database\BaseBuilder->get()
#4 C:\Users\NITRO5\Desktop\Base de datos para proyecto final\apitec\system\BaseModel.php(585): CodeIgniter\Model->doFindAll(0, 0)
#5 C:\Users\NITRO5\Desktop\Base de datos para proyecto final\apitec\app\Controllers\API\PlanEntrenamiento.php(18): CodeIgniter\BaseModel->findAll()
#6 C:\Users\NITRO5\Desktop\Base de datos para proyecto final\apitec\system\CodeIgniter.php(927): App\Controllers\API\PlanEntrenamiento->index()
#7 C:\Users\NITRO5\Desktop\Base de datos para proyecto final\apitec\system\CodeIgniter.php(482): CodeIgniter\CodeIgniter->runController(Object(App\Controllers\API\PlanEntrenamiento))
#8 C:\Users\NITRO5\Desktop\Base de datos para proyecto final\apitec\system\CodeIgniter.php(351): CodeIgniter\CodeIgniter->handleRequest(NULL, Object(Config\Cache), false)
#9 C:\Users\NITRO5\Desktop\Base de datos para proyecto final\apitec\public\index.php(75): CodeIgniter\CodeIgniter->run()
#10 C:\Users\NITRO5\Desktop\Base de datos para proyecto final\apitec\system\Commands\Server\rewrite.php(46): require_once('C:\\Users\\NITRO5...')
#11 {main}
CRITICAL - 2022-11-29 22:47:21 --> Unable to connect to the database.
Main connection [MySQLi]: No se puede establecer una conexión ya que el equipo de destino denegó expresamente dicha conexión
in SYSTEMPATH\Database\BaseConnection.php on line 418.
 1 SYSTEMPATH\Database\BaseConnection.php(561): CodeIgniter\Database\BaseConnection->initialize()
 2 SYSTEMPATH\Database\BaseBuilder.php(1585): CodeIgniter\Database\BaseConnection->query('SELECT *
FROM `planEntrenamiento`', [], false)
 3 SYSTEMPATH\Model.php(223): CodeIgniter\Database\BaseBuilder->get()
 4 SYSTEMPATH\BaseModel.php(585): CodeIgniter\Model->doFindAll(0, 0)
 5 APPPATH\Controllers\API\PlanEntrenamiento.php(18): CodeIgniter\BaseModel->findAll()
 6 SYSTEMPATH\CodeIgniter.php(927): App\Controllers\API\PlanEntrenamiento->index()
 7 SYSTEMPATH\CodeIgniter.php(482): CodeIgniter\CodeIgniter->runController(Object(App\Controllers\API\PlanEntrenamiento))
 8 SYSTEMPATH\CodeIgniter.php(351): CodeIgniter\CodeIgniter->handleRequest(null, Object(Config\Cache), false)
 9 FCPATH\index.php(75): CodeIgniter\CodeIgniter->run()
10 SYSTEMPATH\Commands\Server\rewrite.php(46): require_once('FCPATH\\index.php')
ERROR - 2022-11-29 22:47:26 --> Error connecting to the database: mysqli_sql_exception: No se puede establecer una conexión ya que el equipo de destino denegó expresamente dicha conexión in C:\Users\NITRO5\Desktop\Base de datos para proyecto final\apitec\system\Database\MySQLi\Connection.php:171
Stack trace:
#0 C:\Users\NITRO5\Desktop\Base de datos para proyecto final\apitec\system\Database\MySQLi\Connection.php(171): mysqli->real_connect('localhost', 'root', '', 'gymtec', 3306, '', 0)
#1 C:\Users\NITRO5\Desktop\Base de datos para proyecto final\apitec\system\Database\BaseConnection.php(382): CodeIgniter\Database\MySQLi\Connection->connect(false)
#2 C:\Users\NITRO5\Desktop\Base de datos para proyecto final\apitec\system\Database\BaseConnection.php(561): CodeIgniter\Database\BaseConnection->initialize()
#3 C:\Users\NITRO5\Desktop\Base de datos para proyecto final\apitec\system\Database\BaseBuilder.php(1585): CodeIgniter\Database\BaseConnection->query('SELECT *\nFROM `...', Array, false)
#4 C:\Users\NITRO5\Desktop\Base de datos para proyecto final\apitec\system\Model.php(223): CodeIgniter\Database\BaseBuilder->get()
#5 C:\Users\NITRO5\Desktop\Base de datos para proyecto final\apitec\system\BaseModel.php(585): CodeIgniter\Model->doFindAll(0, 0)
#6 C:\Users\NITRO5\Desktop\Base de datos para proyecto final\apitec\app\Controllers\API\PlanEntrenamiento.php(18): CodeIgniter\BaseModel->findAll()
#7 C:\Users\NITRO5\Desktop\Base de datos para proyecto final\apitec\system\CodeIgniter.php(927): App\Controllers\API\PlanEntrenamiento->index()
#8 C:\Users\NITRO5\Desktop\Base de datos para proyecto final\apitec\system\CodeIgniter.php(482): CodeIgniter\CodeIgniter->runController(Object(App\Controllers\API\PlanEntrenamiento))
#9 C:\Users\NITRO5\Desktop\Base de datos para proyecto final\apitec\system\CodeIgniter.php(351): CodeIgniter\CodeIgniter->handleRequest(NULL, Object(Config\Cache), false)
#10 C:\Users\NITRO5\Desktop\Base de datos para proyecto final\apitec\public\index.php(75): CodeIgniter\CodeIgniter->run()
#11 C:\Users\NITRO5\Desktop\Base de datos para proyecto final\apitec\system\Commands\Server\rewrite.php(46): require_once('C:\\Users\\NITRO5...')
#12 {main}

Next CodeIgniter\Database\Exceptions\DatabaseException: No se puede establecer una conexión ya que el equipo de destino denegó expresamente dicha conexión in C:\Users\NITRO5\Desktop\Base de datos para proyecto final\apitec\system\Database\MySQLi\Connection.php:215
Stack trace:
#0 C:\Users\NITRO5\Desktop\Base de datos para proyecto final\apitec\system\Database\BaseConnection.php(382): CodeIgniter\Database\MySQLi\Connection->connect(false)
#1 C:\Users\NITRO5\Desktop\Base de datos para proyecto final\apitec\system\Database\BaseConnection.php(561): CodeIgniter\Database\BaseConnection->initialize()
#2 C:\Users\NITRO5\Desktop\Base de datos para proyecto final\apitec\system\Database\BaseBuilder.php(1585): CodeIgniter\Database\BaseConnection->query('SELECT *\nFROM `...', Array, false)
#3 C:\Users\NITRO5\Desktop\Base de datos para proyecto final\apitec\system\Model.php(223): CodeIgniter\Database\BaseBuilder->get()
#4 C:\Users\NITRO5\Desktop\Base de datos para proyecto final\apitec\system\BaseModel.php(585): CodeIgniter\Model->doFindAll(0, 0)
#5 C:\Users\NITRO5\Desktop\Base de datos para proyecto final\apitec\app\Controllers\API\PlanEntrenamiento.php(18): CodeIgniter\BaseModel->findAll()
#6 C:\Users\NITRO5\Desktop\Base de datos para proyecto final\apitec\system\CodeIgniter.php(927): App\Controllers\API\PlanEntrenamiento->index()
#7 C:\Users\NITRO5\Desktop\Base de datos para proyecto final\apitec\system\CodeIgniter.php(482): CodeIgniter\CodeIgniter->runController(Object(App\Controllers\API\PlanEntrenamiento))
#8 C:\Users\NITRO5\Desktop\Base de datos para proyecto final\apitec\system\CodeIgniter.php(351): CodeIgniter\CodeIgniter->handleRequest(NULL, Object(Config\Cache), false)
#9 C:\Users\NITRO5\Desktop\Base de datos para proyecto final\apitec\public\index.php(75): CodeIgniter\CodeIgniter->run()
#10 C:\Users\NITRO5\Desktop\Base de datos para proyecto final\apitec\system\Commands\Server\rewrite.php(46): require_once('C:\\Users\\NITRO5...')
#11 {main}
CRITICAL - 2022-11-29 22:47:26 --> Unable to connect to the database.
Main connection [MySQLi]: No se puede establecer una conexión ya que el equipo de destino denegó expresamente dicha conexión
in SYSTEMPATH\Database\BaseConnection.php on line 418.
 1 SYSTEMPATH\Database\BaseConnection.php(561): CodeIgniter\Database\BaseConnection->initialize()
 2 SYSTEMPATH\Database\BaseBuilder.php(1585): CodeIgniter\Database\BaseConnection->query('SELECT *
FROM `planEntrenamiento`', [], false)
 3 SYSTEMPATH\Model.php(223): CodeIgniter\Database\BaseBuilder->get()
 4 SYSTEMPATH\BaseModel.php(585): CodeIgniter\Model->doFindAll(0, 0)
 5 APPPATH\Controllers\API\PlanEntrenamiento.php(18): CodeIgniter\BaseModel->findAll()
 6 SYSTEMPATH\CodeIgniter.php(927): App\Controllers\API\PlanEntrenamiento->index()
 7 SYSTEMPATH\CodeIgniter.php(482): CodeIgniter\CodeIgniter->runController(Object(App\Controllers\API\PlanEntrenamiento))
 8 SYSTEMPATH\CodeIgniter.php(351): CodeIgniter\CodeIgniter->handleRequest(null, Object(Config\Cache), false)
 9 FCPATH\index.php(75): CodeIgniter\CodeIgniter->run()
10 SYSTEMPATH\Commands\Server\rewrite.php(46): require_once('FCPATH\\index.php')
ERROR - 2022-11-29 22:47:53 --> Error connecting to the database: mysqli_sql_exception: No se puede establecer una conexión ya que el equipo de destino denegó expresamente dicha conexión in C:\Users\NITRO5\Desktop\Base de datos para proyecto final\apitec\system\Database\MySQLi\Connection.php:171
Stack trace:
#0 C:\Users\NITRO5\Desktop\Base de datos para proyecto final\apitec\system\Database\MySQLi\Connection.php(171): mysqli->real_connect('localhost', 'root', '', 'gymtec', 3306, '', 0)
#1 C:\Users\NITRO5\Desktop\Base de datos para proyecto final\apitec\system\Database\BaseConnection.php(382): CodeIgniter\Database\MySQLi\Connection->connect(false)
#2 C:\Users\NITRO5\Desktop\Base de datos para proyecto final\apitec\system\Database\BaseConnection.php(561): CodeIgniter\Database\BaseConnection->initialize()
#3 C:\Users\NITRO5\Desktop\Base de datos para proyecto final\apitec\system\Database\BaseBuilder.php(1585): CodeIgniter\Database\BaseConnection->query('SELECT *\nFROM `...', Array, false)
#4 C:\Users\NITRO5\Desktop\Base de datos para proyecto final\apitec\system\Model.php(223): CodeIgniter\Database\BaseBuilder->get()
#5 C:\Users\NITRO5\Desktop\Base de datos para proyecto final\apitec\system\BaseModel.php(585): CodeIgniter\Model->doFindAll(0, 0)
#6 C:\Users\NITRO5\Desktop\Base de datos para proyecto final\apitec\app\Controllers\API\Ejercicios.php(18): CodeIgniter\BaseModel->findAll()
#7 C:\Users\NITRO5\Desktop\Base de datos para proyecto final\apitec\system\CodeIgniter.php(927): App\Controllers\API\Ejercicios->index()
#8 C:\Users\NITRO5\Desktop\Base de datos para proyecto final\apitec\system\CodeIgniter.php(482): CodeIgniter\CodeIgniter->runController(Object(App\Controllers\API\Ejercicios))
#9 C:\Users\NITRO5\Desktop\Base de datos para proyecto final\apitec\system\CodeIgniter.php(351): CodeIgniter\CodeIgniter->handleRequest(NULL, Object(Config\Cache), false)
#10 C:\Users\NITRO5\Desktop\Base de datos para proyecto final\apitec\public\index.php(75): CodeIgniter\CodeIgniter->run()
#11 C:\Users\NITRO5\Desktop\Base de datos para proyecto final\apitec\system\Commands\Server\rewrite.php(46): require_once('C:\\Users\\NITRO5...')
#12 {main}

Next CodeIgniter\Database\Exceptions\DatabaseException: No se puede establecer una conexión ya que el equipo de destino denegó expresamente dicha conexión in C:\Users\NITRO5\Desktop\Base de datos para proyecto final\apitec\system\Database\MySQLi\Connection.php:215
Stack trace:
#0 C:\Users\NITRO5\Desktop\Base de datos para proyecto final\apitec\system\Database\BaseConnection.php(382): CodeIgniter\Database\MySQLi\Connection->connect(false)
#1 C:\Users\NITRO5\Desktop\Base de datos para proyecto final\apitec\system\Database\BaseConnection.php(561): CodeIgniter\Database\BaseConnection->initialize()
#2 C:\Users\NITRO5\Desktop\Base de datos para proyecto final\apitec\system\Database\BaseBuilder.php(1585): CodeIgniter\Database\BaseConnection->query('SELECT *\nFROM `...', Array, false)
#3 C:\Users\NITRO5\Desktop\Base de datos para proyecto final\apitec\system\Model.php(223): CodeIgniter\Database\BaseBuilder->get()
#4 C:\Users\NITRO5\Desktop\Base de datos para proyecto final\apitec\system\BaseModel.php(585): CodeIgniter\Model->doFindAll(0, 0)
#5 C:\Users\NITRO5\Desktop\Base de datos para proyecto final\apitec\app\Controllers\API\Ejercicios.php(18): CodeIgniter\BaseModel->findAll()
#6 C:\Users\NITRO5\Desktop\Base de datos para proyecto final\apitec\system\CodeIgniter.php(927): App\Controllers\API\Ejercicios->index()
#7 C:\Users\NITRO5\Desktop\Base de datos para proyecto final\apitec\system\CodeIgniter.php(482): CodeIgniter\CodeIgniter->runController(Object(App\Controllers\API\Ejercicios))
#8 C:\Users\NITRO5\Desktop\Base de datos para proyecto final\apitec\system\CodeIgniter.php(351): CodeIgniter\CodeIgniter->handleRequest(NULL, Object(Config\Cache), false)
#9 C:\Users\NITRO5\Desktop\Base de datos para proyecto final\apitec\public\index.php(75): CodeIgniter\CodeIgniter->run()
#10 C:\Users\NITRO5\Desktop\Base de datos para proyecto final\apitec\system\Commands\Server\rewrite.php(46): require_once('C:\\Users\\NITRO5...')
#11 {main}
CRITICAL - 2022-11-29 22:47:53 --> Unable to connect to the database.
Main connection [MySQLi]: No se puede establecer una conexión ya que el equipo de destino denegó expresamente dicha conexión
in SYSTEMPATH\Database\BaseConnection.php on line 418.
 1 SYSTEMPATH\Database\BaseConnection.php(561): CodeIgniter\Database\BaseConnection->initialize()
 2 SYSTEMPATH\Database\BaseBuilder.php(1585): CodeIgniter\Database\BaseConnection->query('SELECT *
FROM `ejercicios`', [], false)
 3 SYSTEMPATH\Model.php(223): CodeIgniter\Database\BaseBuilder->get()
 4 SYSTEMPATH\BaseModel.php(585): CodeIgniter\Model->doFindAll(0, 0)
 5 APPPATH\Controllers\API\Ejercicios.php(18): CodeIgniter\BaseModel->findAll()
 6 SYSTEMPATH\CodeIgniter.php(927): App\Controllers\API\Ejercicios->index()
 7 SYSTEMPATH\CodeIgniter.php(482): CodeIgniter\CodeIgniter->runController(Object(App\Controllers\API\Ejercicios))
 8 SYSTEMPATH\CodeIgniter.php(351): CodeIgniter\CodeIgniter->handleRequest(null, Object(Config\Cache), false)
 9 FCPATH\index.php(75): CodeIgniter\CodeIgniter->run()
10 SYSTEMPATH\Commands\Server\rewrite.php(46): require_once('FCPATH\\index.php')
ERROR - 2022-11-29 22:47:57 --> Error connecting to the database: mysqli_sql_exception: No se puede establecer una conexión ya que el equipo de destino denegó expresamente dicha conexión in C:\Users\NITRO5\Desktop\Base de datos para proyecto final\apitec\system\Database\MySQLi\Connection.php:171
Stack trace:
#0 C:\Users\NITRO5\Desktop\Base de datos para proyecto final\apitec\system\Database\MySQLi\Connection.php(171): mysqli->real_connect('localhost', 'root', '', 'gymtec', 3306, '', 0)
#1 C:\Users\NITRO5\Desktop\Base de datos para proyecto final\apitec\system\Database\BaseConnection.php(382): CodeIgniter\Database\MySQLi\Connection->connect(false)
#2 C:\Users\NITRO5\Desktop\Base de datos para proyecto final\apitec\system\Database\BaseConnection.php(561): CodeIgniter\Database\BaseConnection->initialize()
#3 C:\Users\NITRO5\Desktop\Base de datos para proyecto final\apitec\system\Database\BaseBuilder.php(1585): CodeIgniter\Database\BaseConnection->query('SELECT *\nFROM `...', Array, false)
#4 C:\Users\NITRO5\Desktop\Base de datos para proyecto final\apitec\system\Model.php(223): CodeIgniter\Database\BaseBuilder->get()
#5 C:\Users\NITRO5\Desktop\Base de datos para proyecto final\apitec\system\BaseModel.php(585): CodeIgniter\Model->doFindAll(0, 0)
#6 C:\Users\NITRO5\Desktop\Base de datos para proyecto final\apitec\app\Controllers\API\Ejercicios.php(18): CodeIgniter\BaseModel->findAll()
#7 C:\Users\NITRO5\Desktop\Base de datos para proyecto final\apitec\system\CodeIgniter.php(927): App\Controllers\API\Ejercicios->index()
#8 C:\Users\NITRO5\Desktop\Base de datos para proyecto final\apitec\system\CodeIgniter.php(482): CodeIgniter\CodeIgniter->runController(Object(App\Controllers\API\Ejercicios))
#9 C:\Users\NITRO5\Desktop\Base de datos para proyecto final\apitec\system\CodeIgniter.php(351): CodeIgniter\CodeIgniter->handleRequest(NULL, Object(Config\Cache), false)
#10 C:\Users\NITRO5\Desktop\Base de datos para proyecto final\apitec\public\index.php(75): CodeIgniter\CodeIgniter->run()
#11 C:\Users\NITRO5\Desktop\Base de datos para proyecto final\apitec\system\Commands\Server\rewrite.php(46): require_once('C:\\Users\\NITRO5...')
#12 {main}

Next CodeIgniter\Database\Exceptions\DatabaseException: No se puede establecer una conexión ya que el equipo de destino denegó expresamente dicha conexión in C:\Users\NITRO5\Desktop\Base de datos para proyecto final\apitec\system\Database\MySQLi\Connection.php:215
Stack trace:
#0 C:\Users\NITRO5\Desktop\Base de datos para proyecto final\apitec\system\Database\BaseConnection.php(382): CodeIgniter\Database\MySQLi\Connection->connect(false)
#1 C:\Users\NITRO5\Desktop\Base de datos para proyecto final\apitec\system\Database\BaseConnection.php(561): CodeIgniter\Database\BaseConnection->initialize()
#2 C:\Users\NITRO5\Desktop\Base de datos para proyecto final\apitec\system\Database\BaseBuilder.php(1585): CodeIgniter\Database\BaseConnection->query('SELECT *\nFROM `...', Array, false)
#3 C:\Users\NITRO5\Desktop\Base de datos para proyecto final\apitec\system\Model.php(223): CodeIgniter\Database\BaseBuilder->get()
#4 C:\Users\NITRO5\Desktop\Base de datos para proyecto final\apitec\system\BaseModel.php(585): CodeIgniter\Model->doFindAll(0, 0)
#5 C:\Users\NITRO5\Desktop\Base de datos para proyecto final\apitec\app\Controllers\API\Ejercicios.php(18): CodeIgniter\BaseModel->findAll()
#6 C:\Users\NITRO5\Desktop\Base de datos para proyecto final\apitec\system\CodeIgniter.php(927): App\Controllers\API\Ejercicios->index()
#7 C:\Users\NITRO5\Desktop\Base de datos para proyecto final\apitec\system\CodeIgniter.php(482): CodeIgniter\CodeIgniter->runController(Object(App\Controllers\API\Ejercicios))
#8 C:\Users\NITRO5\Desktop\Base de datos para proyecto final\apitec\system\CodeIgniter.php(351): CodeIgniter\CodeIgniter->handleRequest(NULL, Object(Config\Cache), false)
#9 C:\Users\NITRO5\Desktop\Base de datos para proyecto final\apitec\public\index.php(75): CodeIgniter\CodeIgniter->run()
#10 C:\Users\NITRO5\Desktop\Base de datos para proyecto final\apitec\system\Commands\Server\rewrite.php(46): require_once('C:\\Users\\NITRO5...')
#11 {main}
CRITICAL - 2022-11-29 22:47:57 --> Unable to connect to the database.
Main connection [MySQLi]: No se puede establecer una conexión ya que el equipo de destino denegó expresamente dicha conexión
in SYSTEMPATH\Database\BaseConnection.php on line 418.
 1 SYSTEMPATH\Database\BaseConnection.php(561): CodeIgniter\Database\BaseConnection->initialize()
 2 SYSTEMPATH\Database\BaseBuilder.php(1585): CodeIgniter\Database\BaseConnection->query('SELECT *
FROM `ejercicios`', [], false)
 3 SYSTEMPATH\Model.php(223): CodeIgniter\Database\BaseBuilder->get()
 4 SYSTEMPATH\BaseModel.php(585): CodeIgniter\Model->doFindAll(0, 0)
 5 APPPATH\Controllers\API\Ejercicios.php(18): CodeIgniter\BaseModel->findAll()
 6 SYSTEMPATH\CodeIgniter.php(927): App\Controllers\API\Ejercicios->index()
 7 SYSTEMPATH\CodeIgniter.php(482): CodeIgniter\CodeIgniter->runController(Object(App\Controllers\API\Ejercicios))
 8 SYSTEMPATH\CodeIgniter.php(351): CodeIgniter\CodeIgniter->handleRequest(null, Object(Config\Cache), false)
 9 FCPATH\index.php(75): CodeIgniter\CodeIgniter->run()
10 SYSTEMPATH\Commands\Server\rewrite.php(46): require_once('FCPATH\\index.php')
